<?xml version="1.0" encoding="UTF-8"?>
<!-- Generated by org.testng.reporters.JUnitReportReporter -->
<testsuite skipped="0" hostname="LAPTOP-F7FEDNM3" name="com.skillrary.skillkart.scripts.TC3" tests="1" failures="0" timestamp="2021-03-24T17:32:40 EDT" time="17.127" errors="0">
  <testcase name="testCancelAddToKart" time="17.127" classname="com.skillrary.skillkart.scripts.TC3"/>
  <system-out/>
</testsuite> <!-- com.skillrary.skillkart.scripts.TC3 -->
